# JRE version: OpenJDK Runtime Environment (8.0_152-b01) (build 1.8.0_152-release-915-b01)
# Java VM: OpenJDK 64-Bit Server VM (25.152-b01 mixed mode windows-amd64 compressed oops)
Heap:
 PSYoungGen      total 50176K, used 19075K [0x00000000eab00000, 0x00000000ee500000, 0x0000000100000000)
  eden space 41984K, 33% used [0x00000000eab00000,0x00000000eb8d7830,0x00000000ed400000)
  from space 8192K, 59% used [0x00000000edd00000,0x00000000ee1c95f0,0x00000000ee500000)
  to   space 8704K, 0% used [0x00000000ed400000,0x00000000ed400000,0x00000000edc80000)
 ParOldGen       total 35328K, used 6627K [0x00000000c0000000, 0x00000000c2280000, 0x00000000eab00000)
  object space 35328K, 18% used [0x00000000c0000000,0x00000000c0678d60,0x00000000c2280000)
 Metaspace       used 25104K, capacity 25612K, committed 25728K, reserved 1071104K
  class space    used 3484K, capacity 3668K, committed 3712K, reserved 1048576K
GC Heap History (10 events):
Event: 21.208 GC heap before
{Heap before GC invocations=5 (full 0):
 PSYoungGen      total 28672K, used 28640K [0x00000000eab00000, 0x00000000ecb00000, 0x0000000100000000)
  eden space 24576K, 100% used [0x00000000eab00000,0x00000000ec300000,0x00000000ec300000)
  from space 4096K, 99% used [0x00000000ec700000,0x00000000ecaf8020,0x00000000ecb00000)
  to   space 4096K, 0% used [0x00000000ec300000,0x00000000ec300000,0x00000000ec700000)
 ParOldGen       total 65536K, used 4821K [0x00000000c0000000, 0x00000000c4000000, 0x00000000eab00000)
  object space 65536K, 7% used [0x00000000c0000000,0x00000000c04b5640,0x00000000c4000000)
 Metaspace       used 18810K, capacity 19316K, committed 19456K, reserved 1067008K
  class space    used 2630K, capacity 2816K, committed 2816K, reserved 1048576K
Event: 21.218 GC heap after
Heap after GC invocations=5 (full 0):
 PSYoungGen      total 28160K, used 4080K [0x00000000eab00000, 0x00000000ed480000, 0x0000000100000000)
  eden space 24064K, 0% used [0x00000000eab00000,0x00000000eab00000,0x00000000ec280000)
  from space 4096K, 99% used [0x00000000ec300000,0x00000000ec6fc010,0x00000000ec700000)
  to   space 9216K, 0% used [0x00000000ecb80000,0x00000000ecb80000,0x00000000ed480000)
 ParOldGen       total 65536K, used 8390K [0x00000000c0000000, 0x00000000c4000000, 0x00000000eab00000)
  object space 65536K, 12% used [0x00000000c0000000,0x00000000c08319f8,0x00000000c4000000)
 Metaspace       used 18810K, capacity 19316K, committed 19456K, reserved 1067008K
  class space    used 2630K, capacity 2816K, committed 2816K, reserved 1048576K
}
Event: 22.586 GC heap before
{Heap before GC invocations=6 (full 0):
 PSYoungGen      total 28160K, used 8809K [0x00000000eab00000, 0x00000000ed480000, 0x0000000100000000)
  eden space 24064K, 19% used [0x00000000eab00000,0x00000000eaf9e7d0,0x00000000ec280000)
  from space 4096K, 99% used [0x00000000ec300000,0x00000000ec6fc010,0x00000000ec700000)
  to   space 9216K, 0% used [0x00000000ecb80000,0x00000000ecb80000,0x00000000ed480000)
 ParOldGen       total 65536K, used 8390K [0x00000000c0000000, 0x00000000c4000000, 0x00000000eab00000)
  object space 65536K, 12% used [0x00000000c0000000,0x00000000c08319f8,0x00000000c4000000)
 Metaspace       used 20643K, capacity 21108K, committed 21248K, reserved 1067008K
  class space    used 2844K, capacity 3008K, committed 3072K, reserved 1048576K
Event: 22.594 GC heap after
Heap after GC invocations=6 (full 0):
 PSYoungGen      total 31232K, used 5078K [0x00000000eab00000, 0x00000000ed300000, 0x0000000100000000)
  eden space 23552K, 0% used [0x00000000eab00000,0x00000000eab00000,0x00000000ec200000)
  from space 7680K, 66% used [0x00000000ecb80000,0x00000000ed075be0,0x00000000ed300000)
  to   space 8704K, 0% used [0x00000000ec200000,0x00000000ec200000,0x00000000eca80000)
 ParOldGen       total 65536K, used 8398K [0x00000000c0000000, 0x00000000c4000000, 0x00000000eab00000)
  object space 65536K, 12% used [0x00000000c0000000,0x00000000c08339f8,0x00000000c4000000)
 Metaspace       used 20643K, capacity 21108K, committed 21248K, reserved 1067008K
  class space    used 2844K, capacity 3008K, committed 3072K, reserved 1048576K
}
Event: 22.594 GC heap before
{Heap before GC invocations=7 (full 1):
 PSYoungGen      total 31232K, used 5078K [0x00000000eab00000, 0x00000000ed300000, 0x0000000100000000)
  eden space 23552K, 0% used [0x00000000eab00000,0x00000000eab00000,0x00000000ec200000)
  from space 7680K, 66% used [0x00000000ecb80000,0x00000000ed075be0,0x00000000ed300000)
  to   space 8704K, 0% used [0x00000000ec200000,0x00000000ec200000,0x00000000eca80000)
 ParOldGen       total 65536K, used 8398K [0x00000000c0000000, 0x00000000c4000000, 0x00000000eab00000)
  object space 65536K, 12% used [0x00000000c0000000,0x00000000c08339f8,0x00000000c4000000)
 Metaspace       used 20643K, capacity 21108K, committed 21248K, reserved 1067008K
  class space    used 2844K, capacity 3008K, committed 3072K, reserved 1048576K
Event: 22.654 GC heap after
Heap after GC invocations=7 (full 1):
 PSYoungGen      total 31232K, used 0K [0x00000000eab00000, 0x00000000ed300000, 0x0000000100000000)
  eden space 23552K, 0% used [0x00000000eab00000,0x00000000eab00000,0x00000000ec200000)
  from space 7680K, 0% used [0x00000000ecb80000,0x00000000ecb80000,0x00000000ed300000)
  to   space 8704K, 0% used [0x00000000ec200000,0x00000000ec200000,0x00000000eca80000)
 ParOldGen       total 35328K, used 6619K [0x00000000c0000000, 0x00000000c2280000, 0x00000000eab00000)
  object space 35328K, 18% used [0x00000000c0000000,0x00000000c0676d60,0x00000000c2280000)
 Metaspace       used 20643K, capacity 21108K, committed 21248K, reserved 1067008K
  class space    used 2844K, capacity 3008K, committed 3072K, reserved 1048576K
}
Event: 24.248 GC heap before
{Heap before GC invocations=8 (full 1):
 PSYoungGen      total 31232K, used 23552K [0x00000000eab00000, 0x00000000ed300000, 0x0000000100000000)
  eden space 23552K, 100% used [0x00000000eab00000,0x00000000ec200000,0x00000000ec200000)
  from space 7680K, 0% used [0x00000000ecb80000,0x00000000ecb80000,0x00000000ed300000)
  to   space 8704K, 0% used [0x00000000ec200000,0x00000000ec200000,0x00000000eca80000)
 ParOldGen       total 35328K, used 6619K [0x00000000c0000000, 0x00000000c2280000, 0x00000000eab00000)
  object space 35328K, 18% used [0x00000000c0000000,0x00000000c0676d60,0x00000000c2280000)
 Metaspace       used 22653K, capacity 23140K, committed 23552K, reserved 1069056K
  class space    used 3051K, capacity 3210K, committed 3328K, reserved 1048576K
Event: 24.287 GC heap after
Heap after GC invocations=8 (full 1):
 PSYoungGen      total 32256K, used 2824K [0x00000000eab00000, 0x00000000ee600000, 0x0000000100000000)
  eden space 23552K, 0% used [0x00000000eab00000,0x00000000eab00000,0x00000000ec200000)
  from space 8704K, 32% used [0x00000000ec200000,0x00000000ec4c2288,0x00000000eca80000)
  to   space 9216K, 0% used [0x00000000edd00000,0x00000000edd00000,0x00000000ee600000)
 ParOldGen       total 35328K, used 6619K [0x00000000c0000000, 0x00000000c2280000, 0x00000000eab00000)
  object space 35328K, 18% used [0x00000000c0000000,0x00000000c0676d60,0x00000000c2280000)
 Metaspace       used 22653K, capacity 23140K, committed 23552K, reserved 1069056K
  class space    used 3051K, capacity 3210K, committed 3328K, reserved 1048576K
}
Event: 24.984 GC heap before
{Heap before GC invocations=9 (full 1):
 PSYoungGen      total 32256K, used 26376K [0x00000000eab00000, 0x00000000ee600000, 0x0000000100000000)
  eden space 23552K, 100% used [0x00000000eab00000,0x00000000ec200000,0x00000000ec200000)
  from space 8704K, 32% used [0x00000000ec200000,0x00000000ec4c2288,0x00000000eca80000)
  to   space 9216K, 0% used [0x00000000edd00000,0x00000000edd00000,0x00000000ee600000)
 ParOldGen       total 35328K, used 6619K [0x00000000c0000000, 0x00000000c2280000, 0x00000000eab00000)
  object space 35328K, 18% used [0x00000000c0000000,0x00000000c0676d60,0x00000000c2280000)
 Metaspace       used 24538K, capacity 25094K, committed 25344K, reserved 1071104K
  class space    used 3374K, capacity 3539K, committed 3584K, reserved 1048576K
Event: 24.992 GC heap after
Heap after GC invocations=9 (full 1):
 PSYoungGen      total 50176K, used 4901K [0x00000000eab00000, 0x00000000ee500000, 0x0000000100000000)
  eden space 41984K, 0% used [0x00000000eab00000,0x00000000eab00000,0x00000000ed400000)
  from space 8192K, 59% used [0x00000000edd00000,0x00000000ee1c95f0,0x00000000ee500000)
  to   space 8704K, 0% used [0x00000000ed400000,0x00000000ed400000,0x00000000edc80000)
 ParOldGen       total 35328K, used 6627K [0x00000000c0000000, 0x00000000c2280000, 0x00000000eab00000)
  object space 35328K, 18% used [0x00000000c0000000,0x00000000c0678d60,0x00000000c2280000)
 Metaspace       used 24538K, capacity 25094K, committed 25344K, reserved 1071104K
  class space    used 3374K, capacity 3539K, committed 3584K, reserved 1048576K
}

